TN:
SF:app.js
FNF:0
FNH:0
DA:1,1
DA:2,1
DA:3,1
DA:4,1
DA:6,1
DA:8,1
DA:10,1
DA:11,1
DA:12,1
DA:13,1
DA:15,1
DA:17,1
LF:12
LH:12
BRF:0
BRH:0
end_of_record
TN:
SF:routes/index.js
FN:7,(anonymous_0)
FNF:1
FNH:1
FNDA:3,(anonymous_0)
DA:1,1
DA:2,1
DA:3,1
DA:4,1
DA:7,1
DA:8,3
DA:10,2
DA:13,1
DA:14,1
DA:15,0
DA:17,1
DA:20,1
LF:12
LH:11
BRDA:8,0,0,2
BRDA:8,0,1,1
BRDA:8,1,0,3
BRDA:8,1,1,3
BRDA:8,1,2,2
BRDA:14,2,0,0
BRDA:14,2,1,1
BRF:7
BRH:6
end_of_record
TN:
SF:services/crawler.js
FN:3,getContent
FNF:1
FNH:0
FNDA:0,getContent
DA:1,1
DA:4,0
DA:5,0
DA:6,0
DA:8,0
DA:14,1
LF:6
LH:2
BRF:0
BRH:0
end_of_record
TN:
SF:tests/data.js
FNF:0
FNH:0
DA:1,1
LF:1
LH:1
BRF:0
BRH:0
end_of_record
